Unable to find image 'openfoam/openfoam11-paraview510:11' locally
11: Pulling from openfoam/openfoam11-paraview510
a31c7b29f4ad: Pulling fs layer
60a4f977c963: Pulling fs layer
de3ffce72117: Pulling fs layer
60412299a6de: Pulling fs layer
5f9cdfcad00d: Pulling fs layer
0296ab7ef7d0: Pulling fs layer
231f2cb52082: Pulling fs layer
b24b12aa0e91: Pulling fs layer
bfb29dafd55a: Pulling fs layer
907feacb4d0b: Pulling fs layer
5874b68182d2: Pulling fs layer
af950e490663: Pulling fs layer
3c4a43360e17: Pulling fs layer
5874b68182d2: Waiting
60412299a6de: Waiting
0296ab7ef7d0: Waiting
af950e490663: Waiting
231f2cb52082: Waiting
3c4a43360e17: Waiting
bfb29dafd55a: Waiting
5f9cdfcad00d: Waiting
907feacb4d0b: Waiting
b24b12aa0e91: Waiting
de3ffce72117: Verifying Checksum
de3ffce72117: Download complete
a31c7b29f4ad: Verifying Checksum
a31c7b29f4ad: Download complete
5f9cdfcad00d: Download complete
60a4f977c963: Verifying Checksum
60a4f977c963: Download complete
0296ab7ef7d0: Verifying Checksum
0296ab7ef7d0: Download complete
b24b12aa0e91: Verifying Checksum
b24b12aa0e91: Download complete
bfb29dafd55a: Verifying Checksum
bfb29dafd55a: Download complete
907feacb4d0b: Verifying Checksum
907feacb4d0b: Download complete
5874b68182d2: Verifying Checksum
5874b68182d2: Download complete
af950e490663: Verifying Checksum
af950e490663: Download complete
3c4a43360e17: Verifying Checksum
3c4a43360e17: Download complete
60412299a6de: Verifying Checksum
60412299a6de: Download complete
231f2cb52082: Verifying Checksum
231f2cb52082: Download complete
a31c7b29f4ad: Pull complete
60a4f977c963: Pull complete
de3ffce72117: Pull complete
60412299a6de: Pull complete
5f9cdfcad00d: Pull complete
0296ab7ef7d0: Pull complete
231f2cb52082: Pull complete
b24b12aa0e91: Pull complete
bfb29dafd55a: Pull complete
907feacb4d0b: Pull complete
5874b68182d2: Pull complete
af950e490663: Pull complete
3c4a43360e17: Pull complete
Digest: sha256:fd10956e0b1eb70f9808baf2857e4baf846a0f6f272f73b6d00546eae96be181
Status: Downloaded newer image for openfoam/openfoam11-paraview510:11
BEGIN_OPENFOAM_RUN
/workspace
total 68
drwxr-xr-x 11 1001 1001 4096 Jun 14 16:55 .
drwxr-xr-x  1 root root 4096 Jun 14 16:56 ..
drwxr-xr-x  7 1001 1001 4096 Jun 14 16:55 .git
-rw-r--r--  1 1001 1001  348 Jun 14 16:55 .gitattributes
drwxr-xr-x  3 1001 1001 4096 Jun 14 16:55 .github
-rw-r--r--  1 1001 1001  347 Jun 14 16:55 .gitignore
drwxr-xr-x  3 1001 1001 4096 Jun 14 16:55 .pytest_cache
-rw-r--r--  1 1001 1001  727 Jun 14 16:55 AGENTS.md
-rw-r--r--  1 1001 1001  551 Jun 14 16:55 Makefile
-rw-r--r--  1 1001 1001 6725 Jun 14 16:55 README.md
drwxr-xr-x  3 1001 1001 4096 Jun 14 16:55 cases
drwxr-xr-x  2 1001 1001 4096 Jun 14 16:55 docs
drwxr-xr-x  2 1001 1001 4096 Jun 14 16:55 figures
drwxr-xr-x  3 1001 1001 4096 Jun 14 16:55 results
drwxr-xr-x  3 1001 1001 4096 Jun 14 16:55 scripts
drwxr-xr-x  3 1001 1001 4096 Jun 14 16:55 tests
Container user:
uid=1001 gid=1001 groups=1001
drwxr-xr-x 11 1001 1001 4096 Jun 14 16:55 /workspace
drwxr-xr-x  3 1001 1001 4096 Jun 14 16:55 /workspace/cases
drwxr-xr-x  2 1001 1001 4096 Jun 14 16:55 /workspace/figures
drwxr-xr-x  3 1001 1001 4096 Jun 14 16:55 /workspace/results
drwxr-xr-x  2 1001 1001 4096 Jun 14 16:55 /workspace/results/logs
Sourcing /opt/openfoam11/etc/bashrc
OpenFOAM source status: 0
Sourcing /opt/openfoam11/etc/bashrc
WM_PROJECT_DIR=/opt/openfoam11
PATH=/opt/openfoam11/thirdparty/platforms/linux64Gcc/gperftools-svn/bin:/opt/paraviewopenfoam510/bin:/opt/openfoam11/bin:/opt/openfoam11/wmake:/tmp/platforms/linux64GccDPInt32Opt/bin:/opt/site/11/platforms/linux64GccDPInt32Opt/bin:/opt/openfoam11/platforms/linux64GccDPInt32Opt/bin:/usr/local/sbin:/usr/local/bin:/usr/sbin:/usr/bin:/sbin:/bin
LD_LIBRARY_PATH=/opt/openfoam11/thirdparty/platforms/linux64Gcc/gperftools-svn/lib:/opt/paraviewopenfoam510/lib:/opt/openfoam11/platforms/linux64GccDPInt32Opt/lib/paraview-5.10:/opt/openfoam11/platforms/linux64GccDPInt32Opt/lib/openmpi-system:/opt/openfoam11/thirdparty/platforms/linux64GccDPInt32/lib/openmpi-system:/usr/lib/x86_64-linux-gnu/openmpi/lib:/tmp/platforms/linux64GccDPInt32Opt/lib:/opt/site/11/platforms/linux64GccDPInt32Opt/lib:/opt/openfoam11/platforms/linux64GccDPInt32Opt/lib:/opt/openfoam11/thirdparty/platforms/linux64GccDPInt32/lib:/opt/openfoam11/platforms/linux64GccDPInt32Opt/lib/dummy
/opt/openfoam11/platforms/linux64GccDPInt32Opt/bin/blockMesh
/opt/openfoam11/platforms/linux64GccDPInt32Opt/bin/checkMesh
/opt/openfoam11/platforms/linux64GccDPInt32Opt/bin/icoFoam
/opt/openfoam11/bin/postProcess

Result and figure file summary:
/workspace/figures/.gitkeep
/workspace/results/.gitkeep
/workspace/results/logs/blockMesh.log
/workspace/results/logs/checkMesh.log
/workspace/results/logs/command_sequence.txt
/workspace/results/logs/docker_openfoam.log
/workspace/results/logs/foamToVTK.log
/workspace/results/logs/icoFoam.log
/workspace/results/logs/python_postprocess_skipped.log
/workspace/results/logs/source_openfoam.log
/workspace/results/logs/workflow_debug.log
/workspace/results/logs/writeCellCentres.log
run_cavity.sh exit status: 0
===== tail: results/logs/blockMesh.log =====
/*---------------------------------------------------------------------------*\
  =========                 |
  \\      /  F ield         | OpenFOAM: The Open Source CFD Toolbox
   \\    /   O peration     | Website:  https://openfoam.org
    \\  /    A nd           | Version:  11
     \\/     M anipulation  |
\*---------------------------------------------------------------------------*/
Build  : 11-e1fc8c682ae6
Exec   : blockMesh -case /workspace/cases/lid_driven_cavity
Date   : Jun 14 2026
Time   : 16:56:10
Host   : "f8a7de1b6576"
PID    : 190
I/O    : uncollated
Case   : /workspace/cases/lid_driven_cavity
nProcs : 1
sigFpe : Enabling floating point exception trapping (FOAM_SIGFPE).
fileModificationChecking : Monitoring run-time modified files using timeStampMaster (fileModificationSkew 10)
allowSystemOperations : Allowing user-supplied system call operations

// * * * * * * * * * * * * * * * * * * * * * * * * * * * * * * * * * * * * * //
Create time

Reading "blockMeshDict"

Creating block mesh from
    "system/blockMeshDict"
Creating block edges
No non-planar block faces defined
Creating topology blocks
Creating topology patches

Creating block mesh topology

Check topology

	Basic statistics
		Number of internal faces : 0
		Number of boundary faces : 6
		Number of defined boundary faces : 6
		Number of undefined boundary faces : 0
	Checking patch -> block consistency

Creating block offsets
Creating merge list .

Creating polyMesh from blockMesh
Creating patches
Creating cells
Creating points with scale 1
    Block 0 cell size :
        i : 0.025 .. 0.025
        j : 0.025 .. 0.025
        k : 0.01

Writing polyMesh
----------------
Mesh Information
----------------
  boundingBox: (0 0 -0.005) (1 1 0.005)
  nPoints: 3362
  nCells: 1600
  nFaces: 6480
  nInternalFaces: 3120
----------------
Patches
----------------
  patch 0 (start: 3120 size: 40) name: bottom
  patch 1 (start: 3160 size: 40) name: right
  patch 2 (start: 3200 size: 40) name: top
  patch 3 (start: 3240 size: 40) name: left
  patch 4 (start: 3280 size: 3200) name: frontAndBack

End

===== tail: results/logs/checkMesh.log =====
    \\  /    A nd           | Version:  11
     \\/     M anipulation  |
\*---------------------------------------------------------------------------*/
Build  : 11-e1fc8c682ae6
Exec   : checkMesh -case /workspace/cases/lid_driven_cavity
Date   : Jun 14 2026
Time   : 16:56:10
Host   : "f8a7de1b6576"
PID    : 191
I/O    : uncollated
Case   : /workspace/cases/lid_driven_cavity
nProcs : 1
sigFpe : Enabling floating point exception trapping (FOAM_SIGFPE).
fileModificationChecking : Monitoring run-time modified files using timeStampMaster (fileModificationSkew 10)
allowSystemOperations : Allowing user-supplied system call operations

// * * * * * * * * * * * * * * * * * * * * * * * * * * * * * * * * * * * * * //
Create time

Create polyMesh for time = 0

Time = 0s

Mesh stats
    points:           3362
    internal points:  0
    faces:            6480
    internal faces:   3120
    cells:            1600
    faces per cell:   6
    boundary patches: 5
    point zones:      0
    face zones:       0
    cell zones:       0

Overall number of cells of each type:
    hexahedra:     1600
    prisms:        0
    wedges:        0
    pyramids:      0
    tet wedges:    0
    tetrahedra:    0
    polyhedra:     0

Checking topology...
    Boundary definition OK.
    Cell to face addressing OK.
    Point usage OK.
    Upper triangular ordering OK.
    Face vertices OK.
    Number of regions: 1 (OK).

Checking patch topology for multiply connected surfaces...
    Patch               Faces    Points   Surface topology                  
    bottom              40       82       ok (non-closed singly connected)  
    right               40       82       ok (non-closed singly connected)  
    top                 40       82       ok (non-closed singly connected)  
    left                40       82       ok (non-closed singly connected)  
    frontAndBack        3200     3362     ok (non-closed singly connected)  

Checking geometry...
    Overall domain bounding box (0 0 -0.005) (1 1 0.005)
    Mesh has 2 geometric (non-empty/wedge) directions (1 1 0)
    Mesh has 2 solution (non-empty) directions (1 1 0)
    All edges aligned with or perpendicular to non-empty directions.
    Boundary openness (-1.48812e-18 1.48812e-18 1.06496e-15) OK.
    Max cell openness = 1.0842e-16 OK.
    Max aspect ratio = 1 OK.
    Minimum face area = 0.00025. Maximum face area = 0.000625.  Face area magnitudes OK.
    Min volume = 6.25e-06. Max volume = 6.25e-06.  Total volume = 0.01.  Cell volumes OK.
    Mesh non-orthogonality Max: 0 average: 0
    Non-orthogonality check OK.
    Face pyramids OK.
    Max skewness = 3.55271e-14 OK.
    Coupled point location match (average 0) OK.

Mesh OK.

End

===== tail: results/logs/icoFoam.log =====

Time = 4.97s

Courant Number mean: 0.0441996 max: 0.18438
smoothSolver:  Solving for Ux, Initial residual = 6.60901e-05, Final residual = 1.2211e-06, No Iterations 1
smoothSolver:  Solving for Uy, Initial residual = 7.38837e-05, Final residual = 1.36148e-06, No Iterations 1
DICPCG:  Solving for p, Initial residual = 4.01026e-05, Final residual = 1.44268e-06, No Iterations 16
time step continuity errors : sum local = 2.90884e-10, global = -1.93279e-20, cumulative = 7.96866e-19
DICPCG:  Solving for p, Initial residual = 8.38686e-06, Final residual = 6.54238e-07, No Iterations 10
time step continuity errors : sum local = 1.42836e-10, global = 9.99946e-20, cumulative = 8.96861e-19
ExecutionTime = 2.63722 s  ClockTime = 2 s

Time = 4.975s

Courant Number mean: 0.0442038 max: 0.184381
smoothSolver:  Solving for Ux, Initial residual = 6.59223e-05, Final residual = 1.21802e-06, No Iterations 1
smoothSolver:  Solving for Uy, Initial residual = 7.36784e-05, Final residual = 1.35769e-06, No Iterations 1
DICPCG:  Solving for p, Initial residual = 3.95531e-05, Final residual = 1.93993e-06, No Iterations 16
time step continuity errors : sum local = 4.46054e-10, global = -5.72326e-20, cumulative = 8.39628e-19
DICPCG:  Solving for p, Initial residual = 8.4824e-06, Final residual = 7.18489e-07, No Iterations 34
time step continuity errors : sum local = 1.31158e-10, global = -5.17583e-20, cumulative = 7.8787e-19
ExecutionTime = 2.63971 s  ClockTime = 2 s

Time = 4.98s

Courant Number mean: 0.0442079 max: 0.184382
smoothSolver:  Solving for Ux, Initial residual = 6.57386e-05, Final residual = 1.2146e-06, No Iterations 1
smoothSolver:  Solving for Uy, Initial residual = 7.34875e-05, Final residual = 1.35418e-06, No Iterations 1
DICPCG:  Solving for p, Initial residual = 3.9907e-05, Final residual = 1.43328e-06, No Iterations 16
time step continuity errors : sum local = 2.87693e-10, global = -2.67246e-20, cumulative = 7.61145e-19
DICPCG:  Solving for p, Initial residual = 8.341e-06, Final residual = 6.46425e-07, No Iterations 10
time step continuity errors : sum local = 1.40073e-10, global = -1.51035e-20, cumulative = 7.46042e-19
ExecutionTime = 2.64161 s  ClockTime = 2 s

Time = 4.985s

Courant Number mean: 0.0442121 max: 0.184382
smoothSolver:  Solving for Ux, Initial residual = 6.55718e-05, Final residual = 1.21154e-06, No Iterations 1
smoothSolver:  Solving for Uy, Initial residual = 7.3283e-05, Final residual = 1.35039e-06, No Iterations 1
DICPCG:  Solving for p, Initial residual = 3.93198e-05, Final residual = 1.90224e-06, No Iterations 16
time step continuity errors : sum local = 4.36623e-10, global = 4.56422e-20, cumulative = 7.91684e-19
DICPCG:  Solving for p, Initial residual = 8.42562e-06, Final residual = 7.08365e-07, No Iterations 34
time step continuity errors : sum local = 1.29334e-10, global = 6.12817e-20, cumulative = 8.52966e-19
ExecutionTime = 2.6441 s  ClockTime = 2 s

Time = 4.99s

Courant Number mean: 0.0442162 max: 0.184383
smoothSolver:  Solving for Ux, Initial residual = 6.53897e-05, Final residual = 1.20815e-06, No Iterations 1
smoothSolver:  Solving for Uy, Initial residual = 7.30924e-05, Final residual = 1.34689e-06, No Iterations 1
DICPCG:  Solving for p, Initial residual = 3.96585e-05, Final residual = 1.42475e-06, No Iterations 16
time step continuity errors : sum local = 2.87232e-10, global = 2.98844e-20, cumulative = 8.8285e-19
DICPCG:  Solving for p, Initial residual = 8.29907e-06, Final residual = 6.47736e-07, No Iterations 10
time step continuity errors : sum local = 1.41313e-10, global = 1.47442e-19, cumulative = 1.03029e-18
ExecutionTime = 2.64599 s  ClockTime = 2 s

Time = 4.995s

Courant Number mean: 0.0442203 max: 0.184384
smoothSolver:  Solving for Ux, Initial residual = 6.52237e-05, Final residual = 1.2051e-06, No Iterations 1
smoothSolver:  Solving for Uy, Initial residual = 7.28892e-05, Final residual = 1.34314e-06, No Iterations 1
DICPCG:  Solving for p, Initial residual = 3.91152e-05, Final residual = 1.91636e-06, No Iterations 16
time step continuity errors : sum local = 4.40717e-10, global = 7.13055e-20, cumulative = 1.1016e-18
DICPCG:  Solving for p, Initial residual = 8.39295e-06, Final residual = 7.10271e-07, No Iterations 34
time step continuity errors : sum local = 1.29671e-10, global = 2.64921e-20, cumulative = 1.12809e-18
ExecutionTime = 2.64839 s  ClockTime = 2 s

Time = 5s

Courant Number mean: 0.0442244 max: 0.184384
smoothSolver:  Solving for Ux, Initial residual = 6.50419e-05, Final residual = 1.20172e-06, No Iterations 1
smoothSolver:  Solving for Uy, Initial residual = 7.27003e-05, Final residual = 1.33966e-06, No Iterations 1
DICPCG:  Solving for p, Initial residual = 3.94645e-05, Final residual = 1.41632e-06, No Iterations 16
time step continuity errors : sum local = 2.84501e-10, global = -7.57375e-20, cumulative = 1.05235e-18
DICPCG:  Solving for p, Initial residual = 8.25396e-06, Final residual = 6.41013e-07, No Iterations 10
time step continuity errors : sum local = 1.39004e-10, global = -1.20596e-19, cumulative = 9.31756e-19
ExecutionTime = 2.65393 s  ClockTime = 2 s

End

===== tail: results/logs/writeCellCentres.log =====

postProcess has been superseded and replaced by the more general foamPostProcess
utility which will be executed instead:

/*---------------------------------------------------------------------------*\
  =========                 |
  \\      /  F ield         | OpenFOAM: The Open Source CFD Toolbox
   \\    /   O peration     | Website:  https://openfoam.org
    \\  /    A nd           | Version:  11
     \\/     M anipulation  |
\*---------------------------------------------------------------------------*/
Build  : 11-e1fc8c682ae6
Exec   : foamPostProcess -case /workspace/cases/lid_driven_cavity -func writeCellCentres -latestTime
Date   : Jun 14 2026
Time   : 16:56:12
Host   : "f8a7de1b6576"
PID    : 195
I/O    : uncollated
Case   : /workspace/cases/lid_driven_cavity
nProcs : 1
sigFpe : Enabling floating point exception trapping (FOAM_SIGFPE).
fileModificationChecking : Monitoring run-time modified files using timeStampMaster (fileModificationSkew 10)
allowSystemOperations : Allowing user-supplied system call operations

// * * * * * * * * * * * * * * * * * * * * * * * * * * * * * * * * * * * * * //
Create time

Create mesh for time = 5

Time = 5s

Reading fields:

Executing functionObjects
    Writing cell-centre field C to 5
    Writing the x component field of the cell-centres Ccx to 5
    Writing the y component field of the cell-centres Ccy to 5
    Writing the z component field of the cell-centres Ccz to 5

End

Missing log: results/logs/writeCellCentres_skipped.log
===== tail: results/logs/foamToVTK.log =====
/*---------------------------------------------------------------------------*\
  =========                 |
  \\      /  F ield         | OpenFOAM: The Open Source CFD Toolbox
   \\    /   O peration     | Website:  https://openfoam.org
    \\  /    A nd           | Version:  11
     \\/     M anipulation  |
\*---------------------------------------------------------------------------*/
Build  : 11-e1fc8c682ae6
Exec   : foamToVTK -case /workspace/cases/lid_driven_cavity -latestTime -fields (U)
Date   : Jun 14 2026
Time   : 16:56:12
Host   : "f8a7de1b6576"
PID    : 196
I/O    : uncollated
Case   : /workspace/cases/lid_driven_cavity
nProcs : 1
sigFpe : Enabling floating point exception trapping (FOAM_SIGFPE).
fileModificationChecking : Monitoring run-time modified files using timeStampMaster (fileModificationSkew 10)
allowSystemOperations : Allowing user-supplied system call operations

// * * * * * * * * * * * * * * * * * * * * * * * * * * * * * * * * * * * * * //
Create time

Create mesh for time = 5

Time: 5
    volVectorFields            : U

    Internal  : "/workspace/cases/lid_driven_cavity/VTK/lid_driven_cavity_1000.vtk"
    Original cells:1600 points:3362   Additional cells:0  additional points:0

Combining patches:
    patch 0 bottom
    patch 1 right
    patch 2 top
    patch 3 left
    discarding empty/nonConformal/processor patch 4 frontAndBack
    Patch     : "/workspace/cases/lid_driven_cavity/VTK/bottom/bottom_1000.vtk"
    Patch     : "/workspace/cases/lid_driven_cavity/VTK/right/right_1000.vtk"
    Patch     : "/workspace/cases/lid_driven_cavity/VTK/top/top_1000.vtk"
    Patch     : "/workspace/cases/lid_driven_cavity/VTK/left/left_1000.vtk"
End

Missing log: results/logs/foamToVTK_skipped.log
===== tail: results/logs/python_postprocess_skipped.log =====
Skipping Python post-processing because RUN_PYTHON_POSTPROCESS=0.
figures/.gitkeep
results/.gitkeep
results/logs/blockMesh.log
results/logs/checkMesh.log
results/logs/command_sequence.txt
results/logs/docker_openfoam.log
results/logs/foamToVTK.log
results/logs/icoFoam.log
results/logs/python_postprocess_skipped.log
results/logs/source_openfoam.log
results/logs/workflow_debug.log
results/logs/writeCellCentres.log
figures/.gitkeep
results/.gitkeep
results/logs/blockMesh.log
results/logs/checkMesh.log
results/logs/command_sequence.txt
results/logs/docker_openfoam.log
results/logs/foamToVTK.log
results/logs/icoFoam.log
results/logs/python_postprocess_skipped.log
results/logs/source_openfoam.log
results/logs/workflow_debug.log
results/logs/writeCellCentres.log
END_OPENFOAM_RUN
